SF:lib/main.dart
DA:12,0
DA:13,0
DA:14,0
DA:24,1
DA:25,1
DA:26,1
DA:30,1
DA:32,1
DA:33,3
DA:34,1
DA:36,1
DA:37,2
DA:38,2
LF:13
LH:10
end_of_record
SF:lib/afficher_facture.dart
DA:5,1
DA:6,1
DA:12,1
DA:13,1
DA:14,1
DA:16,1
DA:20,1
DA:21,1
DA:22,1
DA:23,1
DA:24,0
DA:25,0
DA:27,1
DA:35,1
DA:36,1
DA:37,0
DA:38,0
DA:39,0
DA:42,1
DA:43,1
DA:44,1
DA:45,1
DA:48,1
DA:49,1
DA:52,1
DA:53,1
DA:60,1
DA:63,1
DA:65,1
DA:66,1
DA:67,1
LF:31
LH:26
end_of_record
SF:lib/button_type.dart
DA:1,2
LF:1
LH:1
end_of_record
SF:lib/component/transaction_details.dart
DA:15,0
DA:23,0
DA:28,0
DA:29,0
DA:30,0
DA:31,0
DA:32,0
DA:34,0
DA:36,0
DA:38,0
DA:40,0
DA:41,0
DA:46,0
DA:47,0
DA:48,0
DA:49,0
DA:53,0
DA:54,0
DA:55,0
DA:56,0
DA:57,0
DA:58,0
DA:59,0
DA:67,0
DA:68,0
DA:69,0
DA:70,0
DA:72,0
LF:28
LH:0
end_of_record
SF:lib/component/transactions_list.dart
DA:9,1
DA:11,1
DA:13,1
DA:14,1
DA:18,1
DA:20,2
DA:21,1
DA:22,1
DA:23,1
DA:24,1
DA:25,1
DA:26,1
DA:32,1
DA:37,0
DA:38,0
DA:40,0
DA:41,0
DA:42,0
DA:43,0
DA:47,0
DA:48,0
DA:49,0
DA:56,0
DA:58,0
DA:60,0
DA:62,0
DA:66,0
DA:67,0
DA:80,0
DA:93,0
DA:94,0
DA:95,0
DA:96,0
DA:97,0
DA:98,0
DA:104,0
DA:107,0
DA:108,0
DA:109,0
DA:110,0
DA:111,0
DA:112,0
DA:114,0
DA:116,0
DA:117,0
DA:118,0
DA:119,0
DA:120,0
DA:121,0
DA:122,0
DA:123,0
DA:124,0
DA:127,0
DA:128,0
DA:129,0
DA:130,0
DA:131,0
DA:136,0
DA:141,0
DA:142,0
DA:143,0
DA:144,0
DA:145,0
DA:146,0
DA:147,0
DA:148,0
DA:149,0
DA:150,0
DA:151,0
DA:152,0
DA:155,0
DA:156,0
DA:157,0
DA:158,0
DA:159,0
DA:164,0
DA:171,0
DA:190,0
LF:78
LH:13
end_of_record
SF:lib/connexion.dart
DA:10,1
DA:12,1
DA:14,1
DA:15,1
DA:16,1
DA:17,1
DA:18,0
DA:19,0
DA:23,2
LF:9
LH:7
end_of_record
SF:lib/controller.dart
DA:12,2
DA:19,2
DA:20,0
DA:22,1
DA:23,4
DA:26,1
DA:27,4
DA:29,0
DA:30,0
DA:32,1
DA:33,1
DA:35,1
DA:38,1
DA:39,3
DA:41,1
DA:42,1
DA:43,3
DA:44,2
DA:47,3
DA:48,1
DA:49,1
DA:54,1
DA:55,2
DA:56,2
DA:57,1
DA:58,1
DA:59,1
DA:62,1
DA:63,3
DA:66,3
DA:67,1
DA:68,1
DA:72,0
DA:73,0
DA:77,1
DA:79,2
DA:80,1
DA:81,5
DA:82,1
DA:93,1
DA:95,3
DA:97,2
DA:98,3
DA:100,0
DA:101,0
DA:102,0
DA:103,0
DA:104,0
DA:105,0
DA:111,0
DA:112,0
DA:113,0
DA:119,0
DA:123,0
DA:124,0
DA:125,0
DA:126,0
LF:57
LH:38
end_of_record
SF:lib/home_page.dart
DA:14,1
DA:15,1
DA:16,1
DA:27,1
DA:30,1
DA:31,1
DA:32,1
DA:33,1
DA:35,1
DA:36,1
DA:38,1
DA:39,1
DA:41,1
DA:42,1
DA:48,1
DA:49,1
DA:50,1
DA:51,1
DA:54,1
DA:55,1
DA:57,1
DA:58,1
DA:60,1
DA:61,1
DA:68,1
DA:69,1
DA:70,1
DA:72,1
DA:74,1
DA:75,1
DA:77,1
DA:78,1
DA:86,1
DA:88,1
DA:89,1
DA:90,1
DA:91,1
DA:92,1
DA:103,1
DA:105,1
DA:106,3
DA:107,1
DA:108,1
DA:110,1
DA:111,1
DA:113,1
DA:114,1
DA:115,1
DA:116,1
DA:117,1
DA:118,1
DA:119,1
DA:120,1
DA:121,1
DA:122,1
DA:123,1
DA:133,1
DA:134,1
DA:136,1
DA:137,1
DA:139,1
DA:140,1
DA:141,2
DA:142,1
DA:143,1
DA:144,1
DA:148,1
DA:163,1
DA:164,1
DA:165,0
DA:166,0
DA:167,0
DA:170,2
DA:171,1
DA:172,1
DA:173,1
DA:176,1
DA:177,1
DA:184,1
DA:185,2
DA:187,1
DA:188,1
DA:192,1
DA:193,1
DA:195,1
DA:196,0
DA:197,0
DA:199,1
DA:202,1
DA:206,1
DA:207,1
DA:211,1
DA:212,1
DA:214,1
DA:215,0
DA:216,0
DA:217,0
DA:219,1
DA:222,1
DA:226,1
DA:227,1
DA:230,1
DA:231,1
DA:233,1
DA:234,0
DA:235,0
DA:237,1
DA:240,1
DA:249,0
DA:250,0
DA:251,0
DA:252,0
DA:253,0
DA:258,1
DA:260,1
DA:262,1
DA:263,3
DA:264,1
DA:265,1
LF:119
LH:104
end_of_record
SF:lib/welcome_page.dart
DA:19,1
DA:20,1
DA:21,1
DA:33,1
DA:34,4
DA:35,1
DA:36,1
DA:38,1
DA:40,1
DA:41,1
DA:43,1
DA:46,1
DA:48,1
DA:52,1
DA:53,4
DA:54,1
DA:56,1
DA:57,1
DA:59,1
DA:61,1
DA:62,1
DA:63,1
DA:65,1
DA:66,1
DA:67,1
DA:68,7
DA:69,2
DA:70,4
DA:71,1
DA:72,4
DA:73,1
DA:74,4
DA:75,1
DA:76,4
DA:77,1
DA:78,3
DA:83,1
DA:84,1
DA:85,1
DA:86,1
DA:88,1
DA:89,1
DA:90,1
DA:92,1
DA:96,3
DA:97,1
DA:101,3
DA:102,1
DA:109,0
DA:110,0
DA:111,0
DA:112,0
DA:113,0
DA:114,0
DA:117,1
DA:121,1
DA:122,1
DA:123,1
DA:124,1
DA:129,3
DA:130,1
DA:131,3
DA:132,1
DA:134,0
DA:137,1
DA:138,2
DA:139,1
DA:140,0
DA:141,0
DA:142,0
DA:145,2
DA:146,1
DA:147,1
DA:148,1
DA:151,1
DA:152,1
DA:155,1
DA:156,1
DA:163,1
DA:164,2
DA:165,1
DA:166,3
DA:169,1
DA:170,1
DA:171,1
DA:172,1
DA:173,0
DA:174,0
DA:175,1
DA:184,1
DA:185,3
DA:186,1
DA:187,1
DA:188,1
DA:189,1
DA:193,1
DA:194,1
DA:196,1
DA:197,0
DA:198,0
DA:199,0
DA:200,0
DA:201,0
DA:205,1
DA:208,1
DA:213,1
DA:214,1
DA:215,1
DA:216,1
DA:220,1
DA:221,1
DA:223,1
DA:224,0
DA:225,0
DA:226,0
DA:227,0
DA:228,0
DA:232,1
DA:235,1
DA:240,1
DA:244,1
DA:245,1
DA:247,1
DA:248,0
DA:249,0
DA:250,0
DA:251,0
DA:252,0
DA:254,0
DA:259,1
DA:262,1
DA:267,1
DA:268,2
DA:269,1
DA:271,1
DA:274,1
DA:275,1
DA:276,1
DA:277,1
DA:284,1
DA:285,3
DA:286,1
DA:287,1
DA:288,1
DA:289,1
DA:293,1
DA:294,1
DA:296,1
DA:297,0
DA:298,0
DA:299,0
DA:300,0
DA:301,0
DA:305,1
DA:308,1
DA:313,1
DA:314,1
DA:315,1
DA:319,1
DA:320,1
DA:322,1
DA:323,0
DA:324,0
DA:325,0
DA:326,0
DA:327,0
DA:331,1
DA:334,1
DA:341,1
DA:342,2
DA:343,1
DA:345,1
DA:348,1
DA:349,1
DA:350,1
DA:357,1
DA:358,2
DA:360,3
DA:361,0
DA:362,0
DA:363,0
DA:364,0
DA:365,0
DA:366,0
DA:367,0
DA:368,0
DA:369,0
DA:370,0
DA:371,0
DA:373,0
DA:374,0
DA:376,0
DA:380,1
DA:382,4
DA:383,1
DA:384,1
DA:386,1
DA:387,1
DA:388,3
DA:389,1
LF:200
LH:148
end_of_record
SF:lib/forgot_pass.dart
DA:10,1
DA:11,1
DA:18,1
DA:20,1
DA:21,1
DA:24,1
DA:25,0
DA:26,0
DA:27,0
DA:28,0
DA:33,0
DA:38,1
DA:45,1
DA:46,1
DA:47,1
DA:49,1
DA:50,1
DA:52,1
DA:53,1
DA:54,1
DA:55,1
DA:56,2
DA:64,1
DA:65,1
DA:66,1
DA:67,1
DA:68,1
DA:69,1
DA:70,1
DA:71,1
DA:73,1
DA:74,1
DA:76,1
DA:77,1
DA:84,1
DA:85,1
DA:86,1
DA:90,1
DA:91,1
DA:93,1
DA:94,1
DA:95,4
DA:96,2
DA:97,1
DA:100,1
DA:103,1
DA:108,1
DA:110,3
DA:117,1
DA:119,1
DA:121,1
DA:122,1
DA:123,1
LF:53
LH:48
end_of_record
SF:lib/logger.dart
DA:5,1
DA:7,2
DA:12,1
DA:14,1
DA:16,2
DA:17,2
DA:18,4
LF:7
LH:7
end_of_record
SF:lib/creer_facture.dart
DA:8,1
DA:9,1
DA:19,1
DA:20,1
DA:21,1
DA:23,1
DA:27,1
DA:28,1
DA:29,1
DA:30,1
DA:31,0
DA:32,0
DA:34,1
DA:42,1
DA:43,1
DA:44,1
DA:45,1
DA:46,1
DA:47,1
DA:48,1
DA:50,0
DA:51,0
DA:52,0
DA:54,1
DA:55,1
DA:57,1
DA:58,1
DA:60,1
DA:61,1
DA:66,1
DA:67,1
DA:68,1
DA:69,1
DA:70,1
DA:71,1
DA:72,1
DA:74,1
DA:75,1
DA:77,1
DA:78,1
DA:84,0
DA:85,0
DA:86,0
DA:87,0
DA:89,0
DA:90,0
DA:92,0
DA:93,0
DA:100,1
DA:101,1
DA:102,1
DA:103,1
DA:104,0
DA:105,0
DA:106,0
DA:109,1
DA:110,1
DA:111,1
DA:112,1
DA:113,1
DA:115,1
DA:116,1
DA:123,1
DA:124,1
DA:125,1
DA:126,1
DA:130,1
DA:131,1
DA:133,1
DA:134,0
DA:135,0
DA:136,0
DA:139,1
DA:142,1
DA:148,1
DA:149,1
DA:150,1
DA:152,1
DA:154,1
DA:155,1
DA:156,1
DA:157,1
DA:158,1
DA:159,1
DA:160,1
DA:161,1
DA:162,1
DA:163,1
DA:172,0
DA:173,0
DA:174,0
DA:176,0
DA:177,0
DA:178,0
DA:179,0
DA:183,1
DA:185,1
DA:187,1
DA:188,1
DA:189,1
LF:100
LH:74
end_of_record
SF:lib/input_type.dart
DA:1,2
LF:1
LH:1
end_of_record
SF:lib/tag_page.dart
DA:1,2
LF:1
LH:1
end_of_record
SF:lib/transaction_page.dart
DA:7,0
DA:9,0
DA:10,0
DA:14,0
DA:16,0
DA:17,0
DA:18,0
DA:19,0
DA:20,0
DA:21,0
DA:25,0
DA:26,0
LF:12
LH:0
end_of_record
SF:lib/transfert_attente_page.dart
DA:12,1
DA:13,1
DA:14,1
DA:20,1
DA:21,3
DA:22,1
DA:23,5
DA:24,1
DA:25,1
DA:28,1
DA:29,1
DA:30,0
DA:31,1
DA:32,1
DA:33,1
DA:35,0
DA:37,0
DA:38,0
DA:39,0
DA:40,0
DA:41,0
DA:42,0
DA:43,0
DA:45,0
DA:46,0
DA:50,0
DA:51,0
DA:54,0
DA:60,1
DA:61,5
DA:62,1
DA:63,1
DA:66,1
DA:67,1
DA:68,0
DA:69,1
DA:70,1
DA:71,1
DA:73,0
DA:75,0
DA:76,0
DA:77,0
DA:78,0
DA:79,0
DA:80,0
DA:81,0
DA:83,0
DA:84,0
DA:88,0
DA:89,0
DA:92,0
DA:99,1
DA:100,1
DA:101,1
DA:103,1
DA:107,1
DA:108,1
DA:109,1
DA:110,0
DA:111,0
DA:113,1
DA:121,1
DA:122,1
DA:123,0
DA:124,0
DA:125,0
DA:128,2
DA:129,1
DA:130,1
DA:131,1
DA:134,1
DA:135,1
DA:142,1
DA:144,1
DA:146,1
DA:147,1
DA:148,1
DA:149,1
LF:78
LH:45
end_of_record
SF:lib/transfert_immediat_page.dart
DA:14,1
DA:15,1
DA:25,1
DA:26,1
DA:27,1
DA:29,1
DA:33,1
DA:34,1
DA:35,1
DA:36,0
DA:37,0
DA:39,1
DA:47,1
DA:48,1
DA:49,1
DA:50,1
DA:51,1
DA:52,1
DA:53,1
DA:54,1
DA:56,1
DA:57,1
DA:59,1
DA:60,1
DA:65,1
DA:66,1
DA:67,1
DA:68,1
DA:69,1
DA:70,1
DA:71,1
DA:73,1
DA:74,1
DA:76,1
DA:77,1
DA:82,1
DA:83,1
DA:84,1
DA:85,1
DA:86,1
DA:87,1
DA:89,1
DA:90,1
DA:92,1
DA:93,1
DA:99,1
DA:100,1
DA:101,1
DA:102,1
DA:103,1
DA:105,1
DA:106,1
DA:108,1
DA:109,1
DA:116,1
DA:117,1
DA:118,1
DA:119,1
DA:123,1
DA:124,1
DA:126,1
DA:127,0
DA:128,0
DA:129,0
DA:131,0
DA:133,1
DA:136,1
DA:142,0
DA:143,0
DA:144,0
DA:148,0
DA:149,0
DA:150,0
DA:155,0
DA:156,0
DA:158,0
DA:159,0
DA:160,0
DA:161,0
DA:166,0
DA:167,0
DA:168,0
DA:172,0
DA:174,0
DA:180,0
DA:235,0
DA:238,0
DA:239,0
DA:240,0
DA:244,0
DA:245,0
DA:246,0
DA:247,0
DA:253,0
DA:255,0
DA:261,1
DA:262,1
DA:263,1
DA:265,1
DA:267,1
DA:268,1
DA:269,1
DA:270,1
DA:271,1
DA:272,1
DA:273,1
DA:274,1
DA:275,1
DA:276,1
DA:277,1
DA:286,1
DA:288,1
DA:290,1
DA:291,1
DA:292,1
LF:115
LH:81
end_of_record
SF:lib/transfert_programme_page.dart
DA:11,1
DA:12,1
DA:24,1
DA:25,1
DA:26,1
DA:28,1
DA:32,1
DA:33,1
DA:34,1
DA:35,0
DA:36,0
DA:38,1
DA:46,1
DA:47,1
DA:48,1
DA:49,1
DA:50,1
DA:51,1
DA:52,1
DA:53,1
DA:55,1
DA:56,1
DA:58,1
DA:59,1
DA:64,1
DA:65,1
DA:66,1
DA:67,1
DA:68,1
DA:69,1
DA:70,1
DA:72,1
DA:73,1
DA:75,1
DA:76,1
DA:81,1
DA:82,1
DA:83,1
DA:84,1
DA:85,1
DA:86,1
DA:88,1
DA:89,1
DA:91,1
DA:92,1
DA:98,1
DA:99,1
DA:100,1
DA:101,1
DA:102,1
DA:104,1
DA:105,1
DA:107,1
DA:108,1
DA:115,1
DA:116,1
DA:117,1
DA:118,1
DA:122,1
DA:123,1
DA:125,1
DA:126,1
DA:127,1
DA:128,1
DA:129,2
DA:130,1
DA:133,1
DA:136,1
DA:142,1
DA:143,1
DA:144,1
DA:145,1
DA:146,0
DA:147,0
DA:148,0
DA:151,1
DA:152,1
DA:153,1
DA:154,1
DA:155,1
DA:157,1
DA:158,1
DA:165,1
DA:166,1
DA:167,1
DA:169,1
DA:171,1
DA:172,1
DA:173,1
DA:174,1
DA:175,1
DA:176,1
DA:177,1
DA:178,1
DA:179,1
DA:180,1
DA:181,1
DA:182,1
DA:191,1
DA:192,2
DA:193,2
DA:194,1
DA:195,1
DA:196,3
DA:197,1
DA:199,2
DA:200,0
DA:201,0
DA:202,0
DA:204,0
DA:205,0
DA:206,0
DA:208,0
DA:209,0
DA:210,0
DA:211,0
DA:212,0
DA:213,0
DA:215,0
DA:216,0
DA:218,0
DA:221,0
DA:222,0
DA:223,0
DA:227,1
DA:229,1
DA:231,1
DA:232,1
DA:233,1
DA:240,1
DA:241,3
DA:242,1
DA:243,3
DA:244,1
DA:245,3
DA:246,1
DA:247,3
DA:248,1
DA:249,2
DA:254,1
DA:264,1
DA:266,1
DA:267,1
DA:268,1
DA:269,1
DA:270,2
DA:271,1
DA:272,1
DA:283,1
DA:284,1
DA:285,1
DA:286,1
DA:287,2
DA:288,1
DA:289,1
LF:155
LH:132
end_of_record
